==1754== Memcheck, a memory error detector
==1754== Copyright (C) 2002-2017, and GNU GPL'd, by Julian Seward et al.
==1754== Using Valgrind-3.13.0 and LibVEX; rerun with -h for copyright info
==1754== Command: ./spell_check test_wordlist_2.txt test_dictionary.txt
==1754== Parent PID: 29182
==1754== 
--1754-- 
--1754-- Valgrind options:
--1754--    --tool=memcheck
--1754--    --leak-check=full
--1754--    -v
--1754--    --track-origins=yes
--1754--    --show-leak-kinds=all
--1754--    --log-file=valgrind.out
--1754-- Contents of /proc/version:
--1754--   Linux version 4.15.0-58-generic (buildd@lcy01-amd64-013) (gcc version 7.4.0 (Ubuntu 7.4.0-1ubuntu1~18.04.1)) #64-Ubuntu SMP Tue Aug 6 11:12:41 UTC 2019
--1754-- 
--1754-- Arch and hwcaps: AMD64, LittleEndian, amd64-cx16-rdtscp-sse3
--1754-- Page sizes: currently 4096, max supported 4096
--1754-- Valgrind library directory: /usr/lib/valgrind
--1754-- Reading syms from /home/reg1reg1/temp/Application-Security-CS-GY-9163/spell_check
--1754-- Reading syms from /lib/x86_64-linux-gnu/ld-2.27.so
--1754--   Considering /lib/x86_64-linux-gnu/ld-2.27.so ..
--1754--   .. CRC mismatch (computed 1b7c895e wanted 2943108a)
--1754--   Considering /usr/lib/debug/lib/x86_64-linux-gnu/ld-2.27.so ..
--1754--   .. CRC is valid
--1754-- Reading syms from /usr/lib/valgrind/memcheck-amd64-linux
--1754--   Considering /usr/lib/valgrind/memcheck-amd64-linux ..
--1754--   .. CRC mismatch (computed c25f395c wanted 0a9602a8)
--1754--    object doesn't have a symbol table
--1754--    object doesn't have a dynamic symbol table
--1754-- Scheduler: using generic scheduler lock implementation.
--1754-- Reading suppressions file: /usr/lib/valgrind/default.supp
==1754== embedded gdbserver: reading from /tmp/vgdb-pipe-from-vgdb-to-1754-by-root-on-???
==1754== embedded gdbserver: writing to   /tmp/vgdb-pipe-to-vgdb-from-1754-by-root-on-???
==1754== embedded gdbserver: shared mem   /tmp/vgdb-pipe-shared-mem-vgdb-1754-by-root-on-???
==1754== 
==1754== TO CONTROL THIS PROCESS USING vgdb (which you probably
==1754== don't want to do, unless you know exactly what you're doing,
==1754== or are doing some strange experiment):
==1754==   /usr/lib/valgrind/../../bin/vgdb --pid=1754 ...command...
==1754== 
==1754== TO DEBUG THIS PROCESS USING GDB: start GDB like this
==1754==   /path/to/gdb ./spell_check
==1754== and then give GDB the following command
==1754==   target remote | /usr/lib/valgrind/../../bin/vgdb --pid=1754
==1754== --pid is optional if only one valgrind process is running
==1754== 
--1754-- REDIR: 0x401f2f0 (ld-linux-x86-64.so.2:strlen) redirected to 0x58060901 (???)
--1754-- REDIR: 0x401f0d0 (ld-linux-x86-64.so.2:index) redirected to 0x5806091b (???)
--1754-- Reading syms from /usr/lib/valgrind/vgpreload_core-amd64-linux.so
--1754--   Considering /usr/lib/valgrind/vgpreload_core-amd64-linux.so ..
--1754--   .. CRC mismatch (computed 4b63d83e wanted 670599e6)
--1754--    object doesn't have a symbol table
--1754-- Reading syms from /usr/lib/valgrind/vgpreload_memcheck-amd64-linux.so
--1754--   Considering /usr/lib/valgrind/vgpreload_memcheck-amd64-linux.so ..
--1754--   .. CRC mismatch (computed a4b37bee wanted 8ad4dc94)
--1754--    object doesn't have a symbol table
==1754== WARNING: new redirection conflicts with existing -- ignoring it
--1754--     old: 0x0401f2f0 (strlen              ) R-> (0000.0) 0x58060901 ???
--1754--     new: 0x0401f2f0 (strlen              ) R-> (2007.0) 0x04c32db0 strlen
--1754-- REDIR: 0x401d360 (ld-linux-x86-64.so.2:strcmp) redirected to 0x4c33ee0 (strcmp)
--1754-- REDIR: 0x401f830 (ld-linux-x86-64.so.2:mempcpy) redirected to 0x4c374f0 (mempcpy)
--1754-- Reading syms from /lib/x86_64-linux-gnu/libc-2.27.so
--1754--   Considering /lib/x86_64-linux-gnu/libc-2.27.so ..
--1754--   .. CRC mismatch (computed b1c74187 wanted 042cc048)
--1754--   Considering /usr/lib/debug/lib/x86_64-linux-gnu/libc-2.27.so ..
--1754--   .. CRC is valid
--1754-- REDIR: 0x4edac70 (libc.so.6:memmove) redirected to 0x4a2a6e0 (_vgnU_ifunc_wrapper)
--1754-- REDIR: 0x4ed9d40 (libc.so.6:strncpy) redirected to 0x4a2a6e0 (_vgnU_ifunc_wrapper)
--1754-- REDIR: 0x4edaf50 (libc.so.6:strcasecmp) redirected to 0x4a2a6e0 (_vgnU_ifunc_wrapper)
--1754-- REDIR: 0x4ed9790 (libc.so.6:strcat) redirected to 0x4a2a6e0 (_vgnU_ifunc_wrapper)
--1754-- REDIR: 0x4ed9d70 (libc.so.6:rindex) redirected to 0x4a2a6e0 (_vgnU_ifunc_wrapper)
--1754-- REDIR: 0x4edc7c0 (libc.so.6:rawmemchr) redirected to 0x4a2a6e0 (_vgnU_ifunc_wrapper)
--1754-- REDIR: 0x4edade0 (libc.so.6:mempcpy) redirected to 0x4a2a6e0 (_vgnU_ifunc_wrapper)
--1754-- REDIR: 0x4edac10 (libc.so.6:bcmp) redirected to 0x4a2a6e0 (_vgnU_ifunc_wrapper)
--1754-- REDIR: 0x4ed9d00 (libc.so.6:strncmp) redirected to 0x4a2a6e0 (_vgnU_ifunc_wrapper)
--1754-- REDIR: 0x4ed9800 (libc.so.6:strcmp) redirected to 0x4a2a6e0 (_vgnU_ifunc_wrapper)
--1754-- REDIR: 0x4edad40 (libc.so.6:memset) redirected to 0x4a2a6e0 (_vgnU_ifunc_wrapper)
--1754-- REDIR: 0x4ef80f0 (libc.so.6:wcschr) redirected to 0x4a2a6e0 (_vgnU_ifunc_wrapper)
--1754-- REDIR: 0x4ed9ca0 (libc.so.6:strnlen) redirected to 0x4a2a6e0 (_vgnU_ifunc_wrapper)
--1754-- REDIR: 0x4ed9870 (libc.so.6:strcspn) redirected to 0x4a2a6e0 (_vgnU_ifunc_wrapper)
--1754-- REDIR: 0x4edafa0 (libc.so.6:strncasecmp) redirected to 0x4a2a6e0 (_vgnU_ifunc_wrapper)
--1754-- REDIR: 0x4ed9840 (libc.so.6:strcpy) redirected to 0x4a2a6e0 (_vgnU_ifunc_wrapper)
--1754-- REDIR: 0x4edb0e0 (libc.so.6:memcpy@@GLIBC_2.14) redirected to 0x4a2a6e0 (_vgnU_ifunc_wrapper)
--1754-- REDIR: 0x4ed9da0 (libc.so.6:strpbrk) redirected to 0x4a2a6e0 (_vgnU_ifunc_wrapper)
--1754-- REDIR: 0x4ed97c0 (libc.so.6:index) redirected to 0x4a2a6e0 (_vgnU_ifunc_wrapper)
--1754-- REDIR: 0x4ed9c70 (libc.so.6:strlen) redirected to 0x4a2a6e0 (_vgnU_ifunc_wrapper)
--1754-- REDIR: 0x4ee46c0 (libc.so.6:memrchr) redirected to 0x4a2a6e0 (_vgnU_ifunc_wrapper)
--1754-- REDIR: 0x4edaff0 (libc.so.6:strcasecmp_l) redirected to 0x4a2a6e0 (_vgnU_ifunc_wrapper)
--1754-- REDIR: 0x4edabe0 (libc.so.6:memchr) redirected to 0x4a2a6e0 (_vgnU_ifunc_wrapper)
--1754-- REDIR: 0x4ef8eb0 (libc.so.6:wcslen) redirected to 0x4a2a6e0 (_vgnU_ifunc_wrapper)
--1754-- REDIR: 0x4eda050 (libc.so.6:strspn) redirected to 0x4a2a6e0 (_vgnU_ifunc_wrapper)
--1754-- REDIR: 0x4edaf20 (libc.so.6:stpncpy) redirected to 0x4a2a6e0 (_vgnU_ifunc_wrapper)
--1754-- REDIR: 0x4edaef0 (libc.so.6:stpcpy) redirected to 0x4a2a6e0 (_vgnU_ifunc_wrapper)
--1754-- REDIR: 0x4edc7f0 (libc.so.6:strchrnul) redirected to 0x4a2a6e0 (_vgnU_ifunc_wrapper)
--1754-- REDIR: 0x4edb040 (libc.so.6:strncasecmp_l) redirected to 0x4a2a6e0 (_vgnU_ifunc_wrapper)
--1754-- REDIR: 0x4eed330 (libc.so.6:__strrchr_sse2) redirected to 0x4c32790 (__strrchr_sse2)
--1754-- REDIR: 0x4eed120 (libc.so.6:__strchrnul_sse2) redirected to 0x4c37020 (strchrnul)
--1754-- REDIR: 0x4eed620 (libc.so.6:__strlen_sse2) redirected to 0x4c32d30 (__strlen_sse2)
--1754-- REDIR: 0x4ed3070 (libc.so.6:malloc) redirected to 0x4c2faa0 (malloc)
--1754-- REDIR: 0x4ef7440 (libc.so.6:__mempcpy_sse2_unaligned) redirected to 0x4c37130 (mempcpy)
--1754-- REDIR: 0x4eda590 (libc.so.6:__GI_strstr) redirected to 0x4c37760 (__strstr_sse2)
--1754-- REDIR: 0x4ee7970 (libc.so.6:__memchr_sse2) redirected to 0x4c33f80 (memchr)
--1754-- REDIR: 0x4ef7460 (libc.so.6:memcpy@GLIBC_2.2.5) redirected to 0x4c34060 (memcpy@GLIBC_2.2.5)
--1754-- REDIR: 0x4ed3950 (libc.so.6:free) redirected to 0x4c30cd0 (free)
--1754-- REDIR: 0x4ee5e70 (libc.so.6:__strcmp_sse2_unaligned) redirected to 0x4c33da0 (strcmp)
==1754== 
==1754== HEAP SUMMARY:
==1754==     in use at exit: 381 bytes in 8 blocks
==1754==   total heap usage: 34 allocs, 26 frees, 10,922 bytes allocated
==1754== 
==1754== Searching for pointers to 8 not-freed blocks
==1754== Checked 85,424 bytes
==1754== 
==1754== 5 bytes in 1 blocks are still reachable in loss record 1 of 3
==1754==    at 0x4C2FB0F: malloc (in /usr/lib/valgrind/vgpreload_memcheck-amd64-linux.so)
==1754==    by 0x108DB6: check_words (spell.c:38)
==1754==    by 0x109E32: main (main.c:40)
==1754== 
==1754== 96 bytes in 2 blocks are still reachable in loss record 2 of 3
==1754==    at 0x4C2FB0F: malloc (in /usr/lib/valgrind/vgpreload_memcheck-amd64-linux.so)
==1754==    by 0x108EEF: check_words (spell.c:67)
==1754==    by 0x109E32: main (main.c:40)
==1754== 
==1754== 280 bytes in 5 blocks are still reachable in loss record 3 of 3
==1754==    at 0x4C2FB0F: malloc (in /usr/lib/valgrind/vgpreload_memcheck-amd64-linux.so)
==1754==    by 0x109970: load_dictionary (spell.c:302)
==1754==    by 0x109D84: main (main.c:29)
==1754== 
==1754== LEAK SUMMARY:
==1754==    definitely lost: 0 bytes in 0 blocks
==1754==    indirectly lost: 0 bytes in 0 blocks
==1754==      possibly lost: 0 bytes in 0 blocks
==1754==    still reachable: 381 bytes in 8 blocks
==1754==         suppressed: 0 bytes in 0 blocks
==1754== 
==1754== ERROR SUMMARY: 0 errors from 0 contexts (suppressed: 0 from 0)
==1754== ERROR SUMMARY: 0 errors from 0 contexts (suppressed: 0 from 0)
